Using pre-set license
Built from '2020.3/staging' branch; Version is '2020.3.8f1 (507919d4fff5) revision 5273881'; Using compiler version '192528614'; Build Type 'Release'
OS: 'Windows 10 Pro; OS build 19042.985; Version 2009; 64bit' Language: 'en' Physical Memory: 32676 MB
BatchMode: 1, IsHumanControllingUs: 0, StartBugReporterOnCrash: 0, Is64bit: 1, IsPro: 0

 COMMAND LINE ARGUMENTS:
C:\Program Files\Unity\Hub\Editor\2020.3.8f1\Editor\Unity.exe
-adb2
-batchMode
-noUpm
-name
AssetImportWorker0
-projectPath
D:/Projects/PewPew
-logFile
Logs/AssetImportWorker0.log
-srvPort
63819
Successfully changed project path to: D:/Projects/PewPew
D:/Projects/PewPew
Using Asset Import Pipeline V2.
Refreshing native plugins compatible for Editor in 29.14 ms, found 1 plugins.
Preloading 0 native plugins for Editor in 0.00 ms.
Initialize engine version: 2020.3.8f1 (507919d4fff5)
[Subsystems] Discovering subsystems at path C:/Program Files/Unity/Hub/Editor/2020.3.8f1/Editor/Data/Resources/UnitySubsystems
[Subsystems] Discovering subsystems at path D:/Projects/PewPew/Assets
GfxDevice: creating device client; threaded=0
Direct3D:
    Version:  Direct3D 11.0 [level 11.1]
    Renderer: NVIDIA GeForce RTX 3080 (ID=0x2206)
    Vendor:   
    VRAM:     10078 MB
    Driver:   27.21.14.6611
Initialize mono
Mono path[0] = 'C:/Program Files/Unity/Hub/Editor/2020.3.8f1/Editor/Data/Managed'
Mono path[1] = 'C:/Program Files/Unity/Hub/Editor/2020.3.8f1/Editor/Data/MonoBleedingEdge/lib/mono/unityjit'
Mono config path = 'C:/Program Files/Unity/Hub/Editor/2020.3.8f1/Editor/Data/MonoBleedingEdge/etc'
Using monoOptions --debugger-agent=transport=dt_socket,embedding=1,server=y,suspend=n,address=127.0.0.1:56572
Begin MonoManager ReloadAssembly
Registering precompiled unity dll's ...
Register platform support module: C:/Program Files/Unity/Hub/Editor/2020.3.8f1/Editor/Data/PlaybackEngines/WebGLSupport/UnityEditor.WebGL.Extensions.dll
Register platform support module: C:/Program Files/Unity/Hub/Editor/2020.3.8f1/Editor/Data/PlaybackEngines/WindowsStandaloneSupport/UnityEditor.WindowsStandalone.Extensions.dll
Registered in 0.001746 seconds.
Native extension for WindowsStandalone target not found
Native extension for WebGL target not found
Refreshing native plugins compatible for Editor in 29.87 ms, found 1 plugins.
Preloading 0 native plugins for Editor in 0.00 ms.
Mono: successfully reloaded assembly
- Completed reload, in  0.948 seconds
Platform modules already initialized, skipping
Registering precompiled user dll's ...
Registered in 0.001000 seconds.
Begin MonoManager ReloadAssembly
Native extension for WindowsStandalone target not found
Native extension for WebGL target not found
Refreshing native plugins compatible for Editor in 30.20 ms, found 1 plugins.
Preloading 0 native plugins for Editor in 0.00 ms.
Mono: successfully reloaded assembly
- Completed reload, in  0.822 seconds
Platform modules already initialized, skipping
========================================================================
Worker process is ready to serve import requests
Launched and connected shader compiler UnityShaderCompiler.exe after 0.04 seconds
Refreshing native plugins compatible for Editor in 0.52 ms, found 1 plugins.
Preloading 0 native plugins for Editor in 0.00 ms.
Unloading 1965 Unused Serialized files (Serialized files now loaded: 0)
System memory in use before: 90.5 MB.
System memory in use after: 90.4 MB.

Unloading 25 unused Assets to reduce memory usage. Loaded Objects now: 2409.
Total: 1.931391 ms (FindLiveObjects: 0.155746 ms CreateObjectMapping: 0.038273 ms MarkObjects: 1.598388 ms  DeleteObjects: 0.132210 ms)

========================================================================
Received Import Request.
  path: Assets/Prefabs/Missile Fast.prefab
  artifactKey: Guid(a9e5ad36ed50829468eddaaef42e89bd) Importer(815301076,1909f56bfc062723c751e8b465ee728b)
Start importing Assets/Prefabs/Missile Fast.prefab using Guid(a9e5ad36ed50829468eddaaef42e89bd) Importer(815301076,1909f56bfc062723c751e8b465ee728b)  -> (artifact id: 'ff4eb2604cb5934fb1d8f9658c6b9b19') in 0.094715 seconds
  Import took 0.097595 seconds .

========================================================================
Received Import Request.
  Time since last request: 28466.382514 seconds.
  path: Assets/Resources/Space Shooter Extension (275 assets)/PNG/Sprites X2/UI/panel_boltsBlue.png
  artifactKey: Guid(f39c4a904c89fdf4aa9341d254f131e6) Importer(815301076,1909f56bfc062723c751e8b465ee728b)
Start importing Assets/Resources/Space Shooter Extension (275 assets)/PNG/Sprites X2/UI/panel_boltsBlue.png using Guid(f39c4a904c89fdf4aa9341d254f131e6) Importer(815301076,1909f56bfc062723c751e8b465ee728b)  -> (artifact id: '8b34b93ee2b605e0374661b3c9fafd41') in 0.066978 seconds
  Import took 0.072395 seconds .

========================================================================
Received Import Request.
  Time since last request: 0.000227 seconds.
  path: Assets/Resources/Space Shooter Extension (275 assets)/PNG/Sprites X2/UI/panel_boltsGreen.png
  artifactKey: Guid(0a9a67afdb9cb59498d107627e1e377c) Importer(815301076,1909f56bfc062723c751e8b465ee728b)
Start importing Assets/Resources/Space Shooter Extension (275 assets)/PNG/Sprites X2/UI/panel_boltsGreen.png using Guid(0a9a67afdb9cb59498d107627e1e377c) Importer(815301076,1909f56bfc062723c751e8b465ee728b)  -> (artifact id: '03e36debd0e68f71d5f6c12b12bf1743') in 0.009809 seconds
  Import took 0.011875 seconds .

========================================================================
Received Import Request.
  Time since last request: 0.000166 seconds.
  path: Assets/Resources/Space Shooter Extension (275 assets)/PNG/Sprites X2/UI/panel_boltsRed.png
  artifactKey: Guid(a583c1339e4eef644b29774991e60406) Importer(815301076,1909f56bfc062723c751e8b465ee728b)
Start importing Assets/Resources/Space Shooter Extension (275 assets)/PNG/Sprites X2/UI/panel_boltsRed.png using Guid(a583c1339e4eef644b29774991e60406) Importer(815301076,1909f56bfc062723c751e8b465ee728b)  -> (artifact id: 'f16071ae219ddeed9b294010fc0b07b6') in 0.010711 seconds
  Import took 0.012580 seconds .

========================================================================
Received Import Request.
  Time since last request: 12.717166 seconds.
  path: Assets/Scenes/MainMenu.unity
  artifactKey: Guid(4001c662f93c81e40b2ca76253b69eb5) Importer(815301076,1909f56bfc062723c751e8b465ee728b)
Start importing Assets/Scenes/MainMenu.unity using Guid(4001c662f93c81e40b2ca76253b69eb5) Importer(815301076,1909f56bfc062723c751e8b465ee728b)  -> (artifact id: 'd56045711140e7b430e5d7d99c6469e2') in 0.005025 seconds
  Import took 0.007749 seconds .

========================================================================
Received Import Request.
  Time since last request: 121.569959 seconds.
  path: Assets/Resources/Space Shooter Extension (275 assets)/PNG/Sprites X2/UI/panel_boltsBlue.png
  artifactKey: Guid(f39c4a904c89fdf4aa9341d254f131e6) Importer(815301076,1909f56bfc062723c751e8b465ee728b)
Start importing Assets/Resources/Space Shooter Extension (275 assets)/PNG/Sprites X2/UI/panel_boltsBlue.png using Guid(f39c4a904c89fdf4aa9341d254f131e6) Importer(815301076,1909f56bfc062723c751e8b465ee728b)  -> (artifact id: '34e5e43a01f99245af9c6727eb01069a') in 0.009180 seconds
  Import took 0.012560 seconds .

========================================================================
Received Import Request.
  Time since last request: 319.418253 seconds.
  path: Assets/Resources/Space Shooter Extension (275 assets)/PNG/Sprites X2/UI/panel_boltsRed.png
  artifactKey: Guid(a583c1339e4eef644b29774991e60406) Importer(815301076,1909f56bfc062723c751e8b465ee728b)
Start importing Assets/Resources/Space Shooter Extension (275 assets)/PNG/Sprites X2/UI/panel_boltsRed.png using Guid(a583c1339e4eef644b29774991e60406) Importer(815301076,1909f56bfc062723c751e8b465ee728b)  -> (artifact id: 'e2f636bac5157846b3325a9d5b98f5b0') in 0.016080 seconds
  Import took 0.019735 seconds .

========================================================================
Received Prepare
Registering precompiled user dll's ...
Registered in 0.000794 seconds.
Begin MonoManager ReloadAssembly
Native extension for WindowsStandalone target not found
Native extension for WebGL target not found
Refreshing native plugins compatible for Editor in 0.49 ms, found 1 plugins.
Preloading 0 native plugins for Editor in 0.00 ms.
Mono: successfully reloaded assembly
- Completed reload, in  0.788 seconds
Platform modules already initialized, skipping
Refreshing native plugins compatible for Editor in 0.47 ms, found 1 plugins.
Preloading 0 native plugins for Editor in 0.00 ms.
Unloading 1958 Unused Serialized files (Serialized files now loaded: 0)
System memory in use before: 93.4 MB.
System memory in use after: 93.4 MB.

Unloading 13 unused Assets to reduce memory usage. Loaded Objects now: 2422.
Total: 2.089022 ms (FindLiveObjects: 0.232991 ms CreateObjectMapping: 0.059644 ms MarkObjects: 1.707759 ms  DeleteObjects: 0.082971 ms)

========================================================================
Received Prepare
Registering precompiled user dll's ...
Registered in 0.000664 seconds.
Begin MonoManager ReloadAssembly
Native extension for WindowsStandalone target not found
Native extension for WebGL target not found
Refreshing native plugins compatible for Editor in 0.49 ms, found 1 plugins.
Preloading 0 native plugins for Editor in 0.00 ms.
Mono: successfully reloaded assembly
- Completed reload, in  0.762 seconds
Platform modules already initialized, skipping
Refreshing native plugins compatible for Editor in 0.39 ms, found 1 plugins.
Preloading 0 native plugins for Editor in 0.00 ms.
Unloading 1958 Unused Serialized files (Serialized files now loaded: 0)
System memory in use before: 93.5 MB.
System memory in use after: 93.5 MB.

Unloading 13 unused Assets to reduce memory usage. Loaded Objects now: 2426.
Total: 2.026584 ms (FindLiveObjects: 0.186406 ms CreateObjectMapping: 0.050006 ms MarkObjects: 1.681778 ms  DeleteObjects: 0.102667 ms)

========================================================================
Received Import Request.
  Time since last request: 318.261709 seconds.
  path: Assets/Scenes/MainMenu.unity
  artifactKey: Guid(4001c662f93c81e40b2ca76253b69eb5) Importer(815301076,1909f56bfc062723c751e8b465ee728b)
Start importing Assets/Scenes/MainMenu.unity using Guid(4001c662f93c81e40b2ca76253b69eb5) Importer(815301076,1909f56bfc062723c751e8b465ee728b)  -> (artifact id: 'be8768efc54406e93102d2267ccc36b6') in 0.016522 seconds
  Import took 0.019531 seconds .

========================================================================
Received Import Request.
  Time since last request: 168.030537 seconds.
  path: Assets/Scripts/MenuController.cs
  artifactKey: Guid(2d96d95ad2dc4c04aafd79104523bd81) Importer(815301076,1909f56bfc062723c751e8b465ee728b)
Start importing Assets/Scripts/MenuController.cs using Guid(2d96d95ad2dc4c04aafd79104523bd81) Importer(815301076,1909f56bfc062723c751e8b465ee728b)  -> (artifact id: '2414528e53053dfec6ef0a170cd3b761') in 0.072972 seconds
  Import took 0.076422 seconds .

========================================================================
Received Prepare
Registering precompiled user dll's ...
Registered in 0.000909 seconds.
Begin MonoManager ReloadAssembly
Native extension for WindowsStandalone target not found
Native extension for WebGL target not found
Refreshing native plugins compatible for Editor in 0.49 ms, found 1 plugins.
Preloading 0 native plugins for Editor in 0.00 ms.
Mono: successfully reloaded assembly
- Completed reload, in  0.763 seconds
Platform modules already initialized, skipping
Refreshing native plugins compatible for Editor in 0.50 ms, found 1 plugins.
Preloading 0 native plugins for Editor in 0.00 ms.
Unloading 1958 Unused Serialized files (Serialized files now loaded: 0)
System memory in use before: 93.5 MB.
System memory in use after: 93.5 MB.

Unloading 13 unused Assets to reduce memory usage. Loaded Objects now: 2430.
Total: 2.108299 ms (FindLiveObjects: 0.197302 ms CreateObjectMapping: 0.053219 ms MarkObjects: 1.748337 ms  DeleteObjects: 0.103295 ms)

========================================================================
Received Prepare
Registering precompiled user dll's ...
Registered in 0.000638 seconds.
Begin MonoManager ReloadAssembly
Native extension for WindowsStandalone target not found
Native extension for WebGL target not found
Refreshing native plugins compatible for Editor in 0.55 ms, found 1 plugins.
Preloading 0 native plugins for Editor in 0.00 ms.
Mono: successfully reloaded assembly
- Completed reload, in  0.763 seconds
Platform modules already initialized, skipping
Refreshing native plugins compatible for Editor in 0.50 ms, found 1 plugins.
Preloading 0 native plugins for Editor in 0.00 ms.
Unloading 1958 Unused Serialized files (Serialized files now loaded: 0)
System memory in use before: 93.6 MB.
System memory in use after: 93.5 MB.

Unloading 13 unused Assets to reduce memory usage. Loaded Objects now: 2434.
Total: 1.858686 ms (FindLiveObjects: 0.171251 ms CreateObjectMapping: 0.047213 ms MarkObjects: 1.534273 ms  DeleteObjects: 0.099733 ms)

========================================================================
Received Prepare
Registering precompiled user dll's ...
Registered in 0.000633 seconds.
Begin MonoManager ReloadAssembly
Native extension for WindowsStandalone target not found
Native extension for WebGL target not found
Refreshing native plugins compatible for Editor in 0.48 ms, found 1 plugins.
Preloading 0 native plugins for Editor in 0.00 ms.
Mono: successfully reloaded assembly
- Completed reload, in  0.772 seconds
Platform modules already initialized, skipping
Refreshing native plugins compatible for Editor in 0.42 ms, found 1 plugins.
Preloading 0 native plugins for Editor in 0.00 ms.
Unloading 1958 Unused Serialized files (Serialized files now loaded: 0)
System memory in use before: 93.6 MB.
System memory in use after: 93.5 MB.

Unloading 13 unused Assets to reduce memory usage. Loaded Objects now: 2438.
Total: 1.856800 ms (FindLiveObjects: 0.197371 ms CreateObjectMapping: 0.052102 ms MarkObjects: 1.528686 ms  DeleteObjects: 0.072914 ms)

========================================================================
Received Prepare
Registering precompiled user dll's ...
Registered in 0.000777 seconds.
Begin MonoManager ReloadAssembly
Native extension for WindowsStandalone target not found
Native extension for WebGL target not found
Refreshing native plugins compatible for Editor in 0.49 ms, found 1 plugins.
Preloading 0 native plugins for Editor in 0.00 ms.
Mono: successfully reloaded assembly
- Completed reload, in  0.782 seconds
Platform modules already initialized, skipping
Refreshing native plugins compatible for Editor in 0.50 ms, found 1 plugins.
Preloading 0 native plugins for Editor in 0.00 ms.
Unloading 1958 Unused Serialized files (Serialized files now loaded: 0)
System memory in use before: 93.6 MB.
System memory in use after: 93.6 MB.

Unloading 13 unused Assets to reduce memory usage. Loaded Objects now: 2442.
Total: 2.002419 ms (FindLiveObjects: 0.224679 ms CreateObjectMapping: 0.053917 ms MarkObjects: 1.616616 ms  DeleteObjects: 0.100921 ms)

========================================================================
Received Prepare
Registering precompiled user dll's ...
Registered in 0.000792 seconds.
Begin MonoManager ReloadAssembly
Native extension for WindowsStandalone target not found
Native extension for WebGL target not found
Refreshing native plugins compatible for Editor in 0.49 ms, found 1 plugins.
Preloading 0 native plugins for Editor in 0.00 ms.
Mono: successfully reloaded assembly
- Completed reload, in  0.770 seconds
Platform modules already initialized, skipping
Refreshing native plugins compatible for Editor in 0.49 ms, found 1 plugins.
Preloading 0 native plugins for Editor in 0.00 ms.
Unloading 1958 Unused Serialized files (Serialized files now loaded: 0)
System memory in use before: 93.6 MB.
System memory in use after: 93.6 MB.

Unloading 13 unused Assets to reduce memory usage. Loaded Objects now: 2446.
Total: 2.051029 ms (FindLiveObjects: 0.202330 ms CreateObjectMapping: 0.058248 ms MarkObjects: 1.686737 ms  DeleteObjects: 0.098127 ms)

========================================================================
Received Prepare
Registering precompiled user dll's ...
Registered in 0.000590 seconds.
Begin MonoManager ReloadAssembly
Native extension for WindowsStandalone target not found
Native extension for WebGL target not found
Refreshing native plugins compatible for Editor in 0.49 ms, found 1 plugins.
Preloading 0 native plugins for Editor in 0.00 ms.
Mono: successfully reloaded assembly
- Completed reload, in  0.753 seconds
Platform modules already initialized, skipping
Refreshing native plugins compatible for Editor in 0.51 ms, found 1 plugins.
Preloading 0 native plugins for Editor in 0.00 ms.
Unloading 1958 Unused Serialized files (Serialized files now loaded: 0)
System memory in use before: 93.6 MB.
System memory in use after: 93.6 MB.

Unloading 13 unused Assets to reduce memory usage. Loaded Objects now: 2450.
Total: 2.107810 ms (FindLiveObjects: 0.195137 ms CreateObjectMapping: 0.052590 ms MarkObjects: 1.753784 ms  DeleteObjects: 0.100152 ms)

========================================================================
Received Prepare
Registering precompiled user dll's ...
Registered in 0.000852 seconds.
Begin MonoManager ReloadAssembly
Native extension for WindowsStandalone target not found
Native extension for WebGL target not found
Refreshing native plugins compatible for Editor in 0.49 ms, found 1 plugins.
Preloading 0 native plugins for Editor in 0.00 ms.
Mono: successfully reloaded assembly
- Completed reload, in  0.759 seconds
Platform modules already initialized, skipping
Refreshing native plugins compatible for Editor in 0.54 ms, found 1 plugins.
Preloading 0 native plugins for Editor in 0.00 ms.
Unloading 1958 Unused Serialized files (Serialized files now loaded: 0)
System memory in use before: 93.6 MB.
System memory in use after: 93.6 MB.

Unloading 13 unused Assets to reduce memory usage. Loaded Objects now: 2454.
Total: 2.004724 ms (FindLiveObjects: 0.200165 ms CreateObjectMapping: 0.049029 ms MarkObjects: 1.636172 ms  DeleteObjects: 0.113981 ms)

========================================================================
Received Prepare
Registering precompiled user dll's ...
Registered in 0.000862 seconds.
Begin MonoManager ReloadAssembly
Native extension for WindowsStandalone target not found
Native extension for WebGL target not found
Refreshing native plugins compatible for Editor in 0.49 ms, found 1 plugins.
Preloading 0 native plugins for Editor in 0.00 ms.
Mono: successfully reloaded assembly
- Completed reload, in  0.770 seconds
Platform modules already initialized, skipping
Refreshing native plugins compatible for Editor in 0.54 ms, found 1 plugins.
Preloading 0 native plugins for Editor in 0.00 ms.
Unloading 1958 Unused Serialized files (Serialized files now loaded: 0)
System memory in use before: 93.6 MB.
System memory in use after: 93.6 MB.

Unloading 13 unused Assets to reduce memory usage. Loaded Objects now: 2458.
Total: 1.875518 ms (FindLiveObjects: 0.180959 ms CreateObjectMapping: 0.047562 ms MarkObjects: 1.543911 ms  DeleteObjects: 0.095892 ms)

========================================================================
Received Import Request.
  Time since last request: 658.384760 seconds.
  path: Assets/Materials/SpaceBackground.mat
  artifactKey: Guid(e472a4030db9cbd4abdc67230061114a) Importer(815301076,1909f56bfc062723c751e8b465ee728b)
Start importing Assets/Materials/SpaceBackground.mat using Guid(e472a4030db9cbd4abdc67230061114a) Importer(815301076,1909f56bfc062723c751e8b465ee728b)  -> (artifact id: '3d3adac11bfc9ad4c80cd4241f62410b') in 0.077655 seconds
  Import took 0.080716 seconds .

========================================================================
Received Import Request.
  Time since last request: 26.461070 seconds.
  path: Assets/Resources/Space Shooter Extension (275 assets)/PNG/Sprites X2/Backgrounds
  artifactKey: Guid(99854dc1322d3e84c83c1d463b200830) Importer(815301076,1909f56bfc062723c751e8b465ee728b)
Start importing Assets/Resources/Space Shooter Extension (275 assets)/PNG/Sprites X2/Backgrounds using Guid(99854dc1322d3e84c83c1d463b200830) Importer(815301076,1909f56bfc062723c751e8b465ee728b)  -> (artifact id: '92a8aed867c9c7f78af9d8434288fc0c') in 0.005361 seconds
  Import took 0.008178 seconds .

========================================================================
Received Import Request.
  Time since last request: 0.002795 seconds.
  path: Assets/Resources/Space Shooter Extension (275 assets)/PNG/Sprites X2/Backgrounds
  artifactKey: Guid(99854dc1322d3e84c83c1d463b200830) Importer(815301076,1909f56bfc062723c751e8b465ee728b)
Start importing Assets/Resources/Space Shooter Extension (275 assets)/PNG/Sprites X2/Backgrounds using Guid(99854dc1322d3e84c83c1d463b200830) Importer(815301076,1909f56bfc062723c751e8b465ee728b)  -> (artifact id: '92a8aed867c9c7f78af9d8434288fc0c') in 0.001607 seconds
  Import took 0.003612 seconds .

========================================================================
Received Import Request.
  Time since last request: 72.564614 seconds.
  path: Assets/Resources/Space Shooter Extension (275 assets)/PNG/Sprites X2/Backgrounds/black.png
  artifactKey: Guid(4006e92d54e136847ae1ee5ead6e4835) Importer(815301076,1909f56bfc062723c751e8b465ee728b)
Start importing Assets/Resources/Space Shooter Extension (275 assets)/PNG/Sprites X2/Backgrounds/black.png using Guid(4006e92d54e136847ae1ee5ead6e4835) Importer(815301076,1909f56bfc062723c751e8b465ee728b)  -> (artifact id: 'c9dd619321be2007d6e9ebb7e64733bd') in 0.028645 seconds
  Import took 0.031442 seconds .

========================================================================
Received Import Request.
  Time since last request: 0.000209 seconds.
  path: Assets/Resources/Space Shooter Extension (275 assets)/PNG/Sprites X2/Backgrounds/blue.png
  artifactKey: Guid(0b509a68e838ef244aa6803e5490a91e) Importer(815301076,1909f56bfc062723c751e8b465ee728b)
Start importing Assets/Resources/Space Shooter Extension (275 assets)/PNG/Sprites X2/Backgrounds/blue.png using Guid(0b509a68e838ef244aa6803e5490a91e) Importer(815301076,1909f56bfc062723c751e8b465ee728b)  -> (artifact id: '3c04dc28bb5a6307baaeb5e9595cae3a') in 0.009599 seconds
  Import took 0.011870 seconds .

========================================================================
Received Import Request.
  Time since last request: 0.000140 seconds.
  path: Assets/Resources/Space Shooter Extension (275 assets)/PNG/Sprites X2/Backgrounds/purple.png
  artifactKey: Guid(e596b15fc82a87849adf4b60ece42c9d) Importer(815301076,1909f56bfc062723c751e8b465ee728b)
Start importing Assets/Resources/Space Shooter Extension (275 assets)/PNG/Sprites X2/Backgrounds/purple.png using Guid(e596b15fc82a87849adf4b60ece42c9d) Importer(815301076,1909f56bfc062723c751e8b465ee728b)  -> (artifact id: '1a756fcddd7e92f36a9e57576d3d2914') in 0.009530 seconds
  Import took 0.011250 seconds .

========================================================================
Received Import Request.
  Time since last request: 0.000138 seconds.
  path: Assets/Resources/Space Shooter Extension (275 assets)/PNG/Sprites X2/Backgrounds/darkPurple.png
  artifactKey: Guid(ec8ba6da99120044c970d2f597daeb86) Importer(815301076,1909f56bfc062723c751e8b465ee728b)
Start importing Assets/Resources/Space Shooter Extension (275 assets)/PNG/Sprites X2/Backgrounds/darkPurple.png using Guid(ec8ba6da99120044c970d2f597daeb86) Importer(815301076,1909f56bfc062723c751e8b465ee728b)  -> (artifact id: '9eecfc89941be51c7c74fc900fd2df58') in 0.008593 seconds
  Import took 0.010449 seconds .

========================================================================
Received Import Request.
  Time since last request: 247.597625 seconds.
  path: Assets/Resources/Space Shooter Extension (275 assets)/PNG/Sprites X2/Station/Materials/spaceStation_017.mat
  artifactKey: Guid(2db15b104c6094f4d884f663b0042d72) Importer(815301076,1909f56bfc062723c751e8b465ee728b)
Start importing Assets/Resources/Space Shooter Extension (275 assets)/PNG/Sprites X2/Station/Materials/spaceStation_017.mat using Guid(2db15b104c6094f4d884f663b0042d72) Importer(815301076,1909f56bfc062723c751e8b465ee728b)  -> (artifact id: 'eec5ed72386aaf0e986b9f4d53d29f72') in 0.117407 seconds
  Import took 0.120655 seconds .

========================================================================
Received Import Request.
  Time since last request: 0.013044 seconds.
  path: Assets/Resources/Space Shooter Extension (275 assets)/PNG/Sprites X2/Station/Materials/spaceStation_017.mat
  artifactKey: Guid(2db15b104c6094f4d884f663b0042d72) Importer(815301076,1909f56bfc062723c751e8b465ee728b)
Start importing Assets/Resources/Space Shooter Extension (275 assets)/PNG/Sprites X2/Station/Materials/spaceStation_017.mat using Guid(2db15b104c6094f4d884f663b0042d72) Importer(815301076,1909f56bfc062723c751e8b465ee728b)  -> (artifact id: 'eec5ed72386aaf0e986b9f4d53d29f72') in 0.012060 seconds
  Import took 0.014545 seconds .

========================================================================
Received Prepare
Registering precompiled user dll's ...
Registered in 0.000579 seconds.
Begin MonoManager ReloadAssembly
Native extension for WindowsStandalone target not found
Native extension for WebGL target not found
Refreshing native plugins compatible for Editor in 0.47 ms, found 1 plugins.
Preloading 0 native plugins for Editor in 0.00 ms.
Mono: successfully reloaded assembly
- Completed reload, in  0.769 seconds
Platform modules already initialized, skipping
Refreshing native plugins compatible for Editor in 0.50 ms, found 1 plugins.
Preloading 0 native plugins for Editor in 0.00 ms.
Unloading 1958 Unused Serialized files (Serialized files now loaded: 0)
System memory in use before: 93.9 MB.
System memory in use after: 93.8 MB.

Unloading 13 unused Assets to reduce memory usage. Loaded Objects now: 2496.
Total: 2.178280 ms (FindLiveObjects: 0.211759 ms CreateObjectMapping: 0.061530 ms MarkObjects: 1.798622 ms  DeleteObjects: 0.099244 ms)

========================================================================
Received Prepare
Registering precompiled user dll's ...
Registered in 0.000696 seconds.
Begin MonoManager ReloadAssembly
Native extension for WindowsStandalone target not found
Native extension for WebGL target not found
Refreshing native plugins compatible for Editor in 0.49 ms, found 1 plugins.
Preloading 0 native plugins for Editor in 0.00 ms.
Mono: successfully reloaded assembly
- Completed reload, in  0.751 seconds
Platform modules already initialized, skipping
Refreshing native plugins compatible for Editor in 0.51 ms, found 1 plugins.
Preloading 0 native plugins for Editor in 0.00 ms.
Unloading 1958 Unused Serialized files (Serialized files now loaded: 0)
System memory in use before: 93.9 MB.
System memory in use after: 93.8 MB.

Unloading 13 unused Assets to reduce memory usage. Loaded Objects now: 2500.
Total: 2.136864 ms (FindLiveObjects: 0.218743 ms CreateObjectMapping: 0.063486 ms MarkObjects: 1.745473 ms  DeleteObjects: 0.103435 ms)

========================================================================
Received Import Request.
  Time since last request: 210.085415 seconds.
  path: Assets/Resources/Space Shooter Extension (275 assets)/PNG/Sprites X2/Backgrounds/purple.png
  artifactKey: Guid(e596b15fc82a87849adf4b60ece42c9d) Importer(815301076,1909f56bfc062723c751e8b465ee728b)
Start importing Assets/Resources/Space Shooter Extension (275 assets)/PNG/Sprites X2/Backgrounds/purple.png using Guid(e596b15fc82a87849adf4b60ece42c9d) Importer(815301076,1909f56bfc062723c751e8b465ee728b)  -> (artifact id: '71f490ce60fb47e8f73f0aeb6b154a7c') in 0.056820 seconds
  Import took 0.060248 seconds .

========================================================================
Received Prepare
Registering precompiled user dll's ...
Registered in 0.000806 seconds.
Begin MonoManager ReloadAssembly
Native extension for WindowsStandalone target not found
Native extension for WebGL target not found
Refreshing native plugins compatible for Editor in 0.47 ms, found 1 plugins.
Preloading 0 native plugins for Editor in 0.00 ms.
Mono: successfully reloaded assembly
- Completed reload, in  0.762 seconds
Platform modules already initialized, skipping
Refreshing native plugins compatible for Editor in 0.48 ms, found 1 plugins.
Preloading 0 native plugins for Editor in 0.00 ms.
Unloading 1958 Unused Serialized files (Serialized files now loaded: 0)
System memory in use before: 93.9 MB.
System memory in use after: 93.9 MB.

Unloading 13 unused Assets to reduce memory usage. Loaded Objects now: 2505.
Total: 2.101105 ms (FindLiveObjects: 0.193460 ms CreateObjectMapping: 0.040089 ms MarkObjects: 1.765099 ms  DeleteObjects: 0.096800 ms)

========================================================================
Received Prepare
Registering precompiled user dll's ...
Registered in 0.000898 seconds.
Begin MonoManager ReloadAssembly
Native extension for WindowsStandalone target not found
Native extension for WebGL target not found
Refreshing native plugins compatible for Editor in 0.49 ms, found 1 plugins.
Preloading 0 native plugins for Editor in 0.00 ms.
Mono: successfully reloaded assembly
- Completed reload, in  0.802 seconds
Platform modules already initialized, skipping
Refreshing native plugins compatible for Editor in 0.51 ms, found 1 plugins.
Preloading 0 native plugins for Editor in 0.00 ms.
Unloading 1958 Unused Serialized files (Serialized files now loaded: 0)
System memory in use before: 93.9 MB.
System memory in use after: 93.9 MB.

Unloading 13 unused Assets to reduce memory usage. Loaded Objects now: 2509.
Total: 2.073308 ms (FindLiveObjects: 0.222305 ms CreateObjectMapping: 0.053359 ms MarkObjects: 1.687435 ms  DeleteObjects: 0.103156 ms)

========================================================================
Received Import Request.
  Time since last request: 76.032085 seconds.
  path: Assets/Resources/Space Shooter Extension (275 assets)/PNG/Sprites X2/Backgrounds/purple.png
  artifactKey: Guid(e596b15fc82a87849adf4b60ece42c9d) Importer(815301076,1909f56bfc062723c751e8b465ee728b)
Start importing Assets/Resources/Space Shooter Extension (275 assets)/PNG/Sprites X2/Backgrounds/purple.png using Guid(e596b15fc82a87849adf4b60ece42c9d) Importer(815301076,1909f56bfc062723c751e8b465ee728b)  -> (artifact id: 'a01ca1b444b25b5615b8e948d23a9d57') in 0.039062 seconds
  Import took 0.041941 seconds .

========================================================================
Received Import Request.
  Time since last request: 139.396914 seconds.
  path: Assets/Resources/Space Shooter Extension (275 assets)/PNG/Sprites X2/Backgrounds/purple.png
  artifactKey: Guid(e596b15fc82a87849adf4b60ece42c9d) Importer(815301076,1909f56bfc062723c751e8b465ee728b)
Start importing Assets/Resources/Space Shooter Extension (275 assets)/PNG/Sprites X2/Backgrounds/purple.png using Guid(e596b15fc82a87849adf4b60ece42c9d) Importer(815301076,1909f56bfc062723c751e8b465ee728b)  -> (artifact id: 'e4808e79069e5bc0fcf72af93c7532ef') in 0.029369 seconds
  Import took 0.032405 seconds .

========================================================================
Received Prepare
Registering precompiled user dll's ...
Registered in 0.000729 seconds.
Begin MonoManager ReloadAssembly
Native extension for WindowsStandalone target not found
Native extension for WebGL target not found
Refreshing native plugins compatible for Editor in 0.49 ms, found 1 plugins.
Preloading 0 native plugins for Editor in 0.00 ms.
Mono: successfully reloaded assembly
- Completed reload, in  0.759 seconds
Platform modules already initialized, skipping
Refreshing native plugins compatible for Editor in 0.50 ms, found 1 plugins.
Preloading 0 native plugins for Editor in 0.00 ms.
Unloading 1958 Unused Serialized files (Serialized files now loaded: 0)
System memory in use before: 93.9 MB.
System memory in use after: 93.9 MB.

Unloading 13 unused Assets to reduce memory usage. Loaded Objects now: 2514.
Total: 1.963448 ms (FindLiveObjects: 0.205752 ms CreateObjectMapping: 0.048260 ms MarkObjects: 1.603626 ms  DeleteObjects: 0.099594 ms)

========================================================================
Received Prepare
Refreshing native plugins compatible for Editor in 1.52 ms, found 1 plugins.
Preloading 0 native plugins for Editor in 0.00 ms.
Unloading 10 Unused Serialized files (Serialized files now loaded: 0)
System memory in use before: 55.3 MB.
System memory in use after: 55.3 MB.

Unloading 10 unused Assets to reduce memory usage. Loaded Objects now: 2514.
Total: 1.961842 ms (FindLiveObjects: 0.238089 ms CreateObjectMapping: 0.042394 ms MarkObjects: 1.571499 ms  DeleteObjects: 0.103086 ms)

========================================================================
Received Prepare
Registering precompiled user dll's ...
Registered in 0.000900 seconds.
Begin MonoManager ReloadAssembly
Native extension for WindowsStandalone target not found
Native extension for WebGL target not found
Refreshing native plugins compatible for Editor in 0.49 ms, found 1 plugins.
Preloading 0 native plugins for Editor in 0.00 ms.
Mono: successfully reloaded assembly
- Completed reload, in  0.772 seconds
Platform modules already initialized, skipping
Refreshing native plugins compatible for Editor in 0.54 ms, found 1 plugins.
Preloading 0 native plugins for Editor in 0.00 ms.
Unloading 1958 Unused Serialized files (Serialized files now loaded: 0)
System memory in use before: 93.9 MB.
System memory in use after: 93.9 MB.

Unloading 13 unused Assets to reduce memory usage. Loaded Objects now: 2518.
Total: 2.189035 ms (FindLiveObjects: 0.189759 ms CreateObjectMapping: 0.048190 ms MarkObjects: 1.826070 ms  DeleteObjects: 0.117962 ms)

========================================================================
Received Prepare
Registering precompiled user dll's ...
Registered in 0.000575 seconds.
Begin MonoManager ReloadAssembly
Native extension for WindowsStandalone target not found
Native extension for WebGL target not found
Refreshing native plugins compatible for Editor in 0.46 ms, found 1 plugins.
Preloading 0 native plugins for Editor in 0.00 ms.
Mono: successfully reloaded assembly
- Completed reload, in  0.768 seconds
Platform modules already initialized, skipping
Refreshing native plugins compatible for Editor in 0.44 ms, found 1 plugins.
Preloading 0 native plugins for Editor in 0.00 ms.
Unloading 1958 Unused Serialized files (Serialized files now loaded: 0)
System memory in use before: 93.9 MB.
System memory in use after: 93.9 MB.

Unloading 13 unused Assets to reduce memory usage. Loaded Objects now: 2522.
Total: 1.915397 ms (FindLiveObjects: 0.208406 ms CreateObjectMapping: 0.050006 ms MarkObjects: 1.549568 ms  DeleteObjects: 0.101619 ms)

========================================================================
Received Prepare
Registering precompiled user dll's ...
Registered in 0.000572 seconds.
Begin MonoManager ReloadAssembly
Native extension for WindowsStandalone target not found
Native extension for WebGL target not found
Refreshing native plugins compatible for Editor in 0.49 ms, found 1 plugins.
Preloading 0 native plugins for Editor in 0.00 ms.
Mono: successfully reloaded assembly
- Completed reload, in  0.766 seconds
Platform modules already initialized, skipping
Refreshing native plugins compatible for Editor in 0.50 ms, found 1 plugins.
Preloading 0 native plugins for Editor in 0.00 ms.
Unloading 1958 Unused Serialized files (Serialized files now loaded: 0)
System memory in use before: 93.9 MB.
System memory in use after: 93.9 MB.

Unloading 13 unused Assets to reduce memory usage. Loaded Objects now: 2526.
Total: 1.926432 ms (FindLiveObjects: 0.182565 ms CreateObjectMapping: 0.048051 ms MarkObjects: 1.587841 ms  DeleteObjects: 0.102108 ms)

========================================================================
Received Prepare
Registering precompiled user dll's ...
Registered in 0.000791 seconds.
Begin MonoManager ReloadAssembly
Native extension for WindowsStandalone target not found
Native extension for WebGL target not found
Refreshing native plugins compatible for Editor in 0.48 ms, found 1 plugins.
Preloading 0 native plugins for Editor in 0.00 ms.
Mono: successfully reloaded assembly
- Completed reload, in  0.763 seconds
Platform modules already initialized, skipping
Refreshing native plugins compatible for Editor in 0.51 ms, found 1 plugins.
Preloading 0 native plugins for Editor in 0.00 ms.
Unloading 1958 Unused Serialized files (Serialized files now loaded: 0)
System memory in use before: 93.9 MB.
System memory in use after: 93.9 MB.

Unloading 13 unused Assets to reduce memory usage. Loaded Objects now: 2530.
Total: 2.253638 ms (FindLiveObjects: 0.222305 ms CreateObjectMapping: 0.054965 ms MarkObjects: 1.862038 ms  DeleteObjects: 0.107835 ms)

========================================================================
Received Prepare
Registering precompiled user dll's ...
Registered in 0.000632 seconds.
Begin MonoManager ReloadAssembly
Native extension for WindowsStandalone target not found
Native extension for WebGL target not found
Refreshing native plugins compatible for Editor in 0.48 ms, found 1 plugins.
Preloading 0 native plugins for Editor in 0.00 ms.
Mono: successfully reloaded assembly
- Completed reload, in  0.762 seconds
Platform modules already initialized, skipping
Refreshing native plugins compatible for Editor in 0.40 ms, found 1 plugins.
Preloading 0 native plugins for Editor in 0.00 ms.
Unloading 1958 Unused Serialized files (Serialized files now loaded: 0)
System memory in use before: 94.0 MB.
System memory in use after: 93.9 MB.

Unloading 13 unused Assets to reduce memory usage. Loaded Objects now: 2534.
Total: 2.166756 ms (FindLiveObjects: 0.227054 ms CreateObjectMapping: 0.063416 ms MarkObjects: 1.767613 ms  DeleteObjects: 0.102457 ms)

========================================================================
Received Prepare
Registering precompiled user dll's ...
Registered in 0.000676 seconds.
Begin MonoManager ReloadAssembly
Native extension for WindowsStandalone target not found
Native extension for WebGL target not found
Refreshing native plugins compatible for Editor in 0.47 ms, found 1 plugins.
Preloading 0 native plugins for Editor in 0.00 ms.
Mono: successfully reloaded assembly
- Completed reload, in  0.766 seconds
Platform modules already initialized, skipping
Refreshing native plugins compatible for Editor in 0.51 ms, found 1 plugins.
Preloading 0 native plugins for Editor in 0.00 ms.
Unloading 1958 Unused Serialized files (Serialized files now loaded: 0)
System memory in use before: 94.0 MB.
System memory in use after: 93.9 MB.

Unloading 13 unused Assets to reduce memory usage. Loaded Objects now: 2538.
Total: 2.276127 ms (FindLiveObjects: 0.235225 ms CreateObjectMapping: 0.065790 ms MarkObjects: 1.867695 ms  DeleteObjects: 0.101200 ms)

========================================================================
Received Prepare
Registering precompiled user dll's ...
Registered in 0.000702 seconds.
Begin MonoManager ReloadAssembly
Native extension for WindowsStandalone target not found
Native extension for WebGL target not found
Refreshing native plugins compatible for Editor in 0.49 ms, found 1 plugins.
Preloading 0 native plugins for Editor in 0.00 ms.
Mono: successfully reloaded assembly
- Completed reload, in  0.756 seconds
Platform modules already initialized, skipping
Refreshing native plugins compatible for Editor in 0.51 ms, found 1 plugins.
Preloading 0 native plugins for Editor in 0.00 ms.
Unloading 1958 Unused Serialized files (Serialized files now loaded: 0)
System memory in use before: 94.0 MB.
System memory in use after: 93.9 MB.

Unloading 13 unused Assets to reduce memory usage. Loaded Objects now: 2542.
Total: 2.257619 ms (FindLiveObjects: 0.234737 ms CreateObjectMapping: 0.042114 ms MarkObjects: 1.868184 ms  DeleteObjects: 0.106927 ms)

========================================================================
Received Prepare
Registering precompiled user dll's ...
Registered in 0.000628 seconds.
Begin MonoManager ReloadAssembly
Native extension for WindowsStandalone target not found
Native extension for WebGL target not found
Refreshing native plugins compatible for Editor in 0.46 ms, found 1 plugins.
Preloading 0 native plugins for Editor in 0.00 ms.
Mono: successfully reloaded assembly
- Completed reload, in  0.761 seconds
Platform modules already initialized, skipping
Refreshing native plugins compatible for Editor in 0.59 ms, found 1 plugins.
Preloading 0 native plugins for Editor in 0.00 ms.
Unloading 1958 Unused Serialized files (Serialized files now loaded: 0)
System memory in use before: 94.0 MB.
System memory in use after: 94.0 MB.

Unloading 13 unused Assets to reduce memory usage. Loaded Objects now: 2546.
Total: 2.004235 ms (FindLiveObjects: 0.216648 ms CreateObjectMapping: 0.048330 ms MarkObjects: 1.629467 ms  DeleteObjects: 0.103714 ms)

========================================================================
Received Prepare
Registering precompiled user dll's ...
Registered in 0.000551 seconds.
Begin MonoManager ReloadAssembly
Native extension for WindowsStandalone target not found
Native extension for WebGL target not found
Refreshing native plugins compatible for Editor in 0.44 ms, found 1 plugins.
Preloading 0 native plugins for Editor in 0.00 ms.
Mono: successfully reloaded assembly
- Completed reload, in  0.766 seconds
Platform modules already initialized, skipping
Refreshing native plugins compatible for Editor in 0.51 ms, found 1 plugins.
Preloading 0 native plugins for Editor in 0.00 ms.
Unloading 1958 Unused Serialized files (Serialized files now loaded: 0)
System memory in use before: 94.0 MB.
System memory in use after: 94.0 MB.

Unloading 13 unused Assets to reduce memory usage. Loaded Objects now: 2550.
Total: 2.133721 ms (FindLiveObjects: 0.222025 ms CreateObjectMapping: 0.062019 ms MarkObjects: 1.737930 ms  DeleteObjects: 0.105460 ms)

========================================================================
Received Prepare
Registering precompiled user dll's ...
Registered in 0.000661 seconds.
Begin MonoManager ReloadAssembly
Native extension for WindowsStandalone target not found
Native extension for WebGL target not found
Refreshing native plugins compatible for Editor in 0.48 ms, found 1 plugins.
Preloading 0 native plugins for Editor in 0.00 ms.
Mono: successfully reloaded assembly
- Completed reload, in  0.767 seconds
Platform modules already initialized, skipping
Refreshing native plugins compatible for Editor in 0.50 ms, found 1 plugins.
Preloading 0 native plugins for Editor in 0.00 ms.
Unloading 1958 Unused Serialized files (Serialized files now loaded: 0)
System memory in use before: 94.0 MB.
System memory in use after: 94.0 MB.

Unloading 13 unused Assets to reduce memory usage. Loaded Objects now: 2554.
Total: 2.050051 ms (FindLiveObjects: 0.219371 ms CreateObjectMapping: 0.062997 ms MarkObjects: 1.657264 ms  DeleteObjects: 0.103225 ms)

========================================================================
Received Prepare
Registering precompiled user dll's ...
Registered in 0.000671 seconds.
Begin MonoManager ReloadAssembly
Native extension for WindowsStandalone target not found
Native extension for WebGL target not found
Refreshing native plugins compatible for Editor in 0.52 ms, found 1 plugins.
Preloading 0 native plugins for Editor in 0.00 ms.
Mono: successfully reloaded assembly
- Completed reload, in  0.773 seconds
Platform modules already initialized, skipping
Refreshing native plugins compatible for Editor in 0.52 ms, found 1 plugins.
Preloading 0 native plugins for Editor in 0.00 ms.
Unloading 1958 Unused Serialized files (Serialized files now loaded: 0)
System memory in use before: 94.0 MB.
System memory in use after: 94.0 MB.

Unloading 13 unused Assets to reduce memory usage. Loaded Objects now: 2558.
Total: 2.153765 ms (FindLiveObjects: 0.184730 ms CreateObjectMapping: 0.047702 ms MarkObjects: 1.812032 ms  DeleteObjects: 0.102597 ms)

========================================================================
Received Prepare
Registering precompiled user dll's ...
Registered in 0.000647 seconds.
Begin MonoManager ReloadAssembly
Native extension for WindowsStandalone target not found
Native extension for WebGL target not found
Refreshing native plugins compatible for Editor in 0.48 ms, found 1 plugins.
Preloading 0 native plugins for Editor in 0.00 ms.
Mono: successfully reloaded assembly
- Completed reload, in  0.769 seconds
Platform modules already initialized, skipping
Refreshing native plugins compatible for Editor in 0.50 ms, found 1 plugins.
Preloading 0 native plugins for Editor in 0.00 ms.
Unloading 1958 Unused Serialized files (Serialized files now loaded: 0)
System memory in use before: 94.0 MB.
System memory in use after: 94.0 MB.

Unloading 13 unused Assets to reduce memory usage. Loaded Objects now: 2562.
Total: 1.925803 ms (FindLiveObjects: 0.217625 ms CreateObjectMapping: 0.048051 ms MarkObjects: 1.555295 ms  DeleteObjects: 0.098616 ms)

========================================================================
Received Prepare
Registering precompiled user dll's ...
Registered in 0.000612 seconds.
Begin MonoManager ReloadAssembly
Native extension for WindowsStandalone target not found
Native extension for WebGL target not found
Refreshing native plugins compatible for Editor in 0.46 ms, found 1 plugins.
Preloading 0 native plugins for Editor in 0.00 ms.
Mono: successfully reloaded assembly
- Completed reload, in  0.767 seconds
Platform modules already initialized, skipping
Refreshing native plugins compatible for Editor in 0.46 ms, found 1 plugins.
Preloading 0 native plugins for Editor in 0.00 ms.
Unloading 1958 Unused Serialized files (Serialized files now loaded: 0)
System memory in use before: 94.0 MB.
System memory in use after: 94.0 MB.

Unloading 13 unused Assets to reduce memory usage. Loaded Objects now: 2566.
Total: 2.122057 ms (FindLiveObjects: 0.231175 ms CreateObjectMapping: 0.061530 ms MarkObjects: 1.717397 ms  DeleteObjects: 0.105810 ms)

========================================================================
Received Prepare
Registering precompiled user dll's ...
Registered in 0.000671 seconds.
Begin MonoManager ReloadAssembly
Native extension for WindowsStandalone target not found
Native extension for WebGL target not found
Refreshing native plugins compatible for Editor in 0.53 ms, found 1 plugins.
Preloading 0 native plugins for Editor in 0.00 ms.
Mono: successfully reloaded assembly
- Completed reload, in  0.777 seconds
Platform modules already initialized, skipping
Refreshing native plugins compatible for Editor in 0.50 ms, found 1 plugins.
Preloading 0 native plugins for Editor in 0.00 ms.
Unloading 1958 Unused Serialized files (Serialized files now loaded: 0)
System memory in use before: 94.0 MB.
System memory in use after: 94.0 MB.

Unloading 13 unused Assets to reduce memory usage. Loaded Objects now: 2570.
Total: 2.244489 ms (FindLiveObjects: 0.211968 ms CreateObjectMapping: 0.054127 ms MarkObjects: 1.867835 ms  DeleteObjects: 0.103365 ms)

========================================================================
Received Prepare
Registering precompiled user dll's ...
Registered in 0.000617 seconds.
Begin MonoManager ReloadAssembly
Native extension for WindowsStandalone target not found
Native extension for WebGL target not found
Refreshing native plugins compatible for Editor in 0.49 ms, found 1 plugins.
Preloading 0 native plugins for Editor in 0.00 ms.
Mono: successfully reloaded assembly
- Completed reload, in  0.769 seconds
Platform modules already initialized, skipping
Refreshing native plugins compatible for Editor in 0.51 ms, found 1 plugins.
Preloading 0 native plugins for Editor in 0.00 ms.
Unloading 1958 Unused Serialized files (Serialized files now loaded: 0)
System memory in use before: 94.0 MB.
System memory in use after: 94.0 MB.

Unloading 13 unused Assets to reduce memory usage. Loaded Objects now: 2574.
Total: 1.961283 ms (FindLiveObjects: 0.205962 ms CreateObjectMapping: 0.048540 ms MarkObjects: 1.599714 ms  DeleteObjects: 0.100711 ms)

========================================================================
Received Prepare
Registering precompiled user dll's ...
Registered in 0.000604 seconds.
Begin MonoManager ReloadAssembly
Native extension for WindowsStandalone target not found
Native extension for WebGL target not found
Refreshing native plugins compatible for Editor in 0.49 ms, found 1 plugins.
Preloading 0 native plugins for Editor in 0.00 ms.
Mono: successfully reloaded assembly
- Completed reload, in  0.756 seconds
Platform modules already initialized, skipping
Refreshing native plugins compatible for Editor in 0.51 ms, found 1 plugins.
Preloading 0 native plugins for Editor in 0.00 ms.
Unloading 1958 Unused Serialized files (Serialized files now loaded: 0)
System memory in use before: 94.0 MB.
System memory in use after: 94.0 MB.

Unloading 13 unused Assets to reduce memory usage. Loaded Objects now: 2578.
Total: 2.335003 ms (FindLiveObjects: 0.245981 ms CreateObjectMapping: 0.059575 ms MarkObjects: 1.922242 ms  DeleteObjects: 0.101060 ms)

========================================================================
Received Prepare
Registering precompiled user dll's ...
Registered in 0.000663 seconds.
Begin MonoManager ReloadAssembly
Native extension for WindowsStandalone target not found
Native extension for WebGL target not found
Refreshing native plugins compatible for Editor in 0.46 ms, found 1 plugins.
Preloading 0 native plugins for Editor in 0.00 ms.
Mono: successfully reloaded assembly
- Completed reload, in  0.751 seconds
Platform modules already initialized, skipping
Refreshing native plugins compatible for Editor in 0.47 ms, found 1 plugins.
Preloading 0 native plugins for Editor in 0.00 ms.
Unloading 1958 Unused Serialized files (Serialized files now loaded: 0)
System memory in use before: 94.1 MB.
System memory in use after: 94.0 MB.

Unloading 13 unused Assets to reduce memory usage. Loaded Objects now: 2582.
Total: 2.123873 ms (FindLiveObjects: 0.224959 ms CreateObjectMapping: 0.061041 ms MarkObjects: 1.729829 ms  DeleteObjects: 0.101340 ms)

========================================================================
Received Prepare
Registering precompiled user dll's ...
Registered in 0.000655 seconds.
Begin MonoManager ReloadAssembly
Native extension for WindowsStandalone target not found
Native extension for WebGL target not found
Refreshing native plugins compatible for Editor in 0.49 ms, found 1 plugins.
Preloading 0 native plugins for Editor in 0.00 ms.
Mono: successfully reloaded assembly
- Completed reload, in  0.762 seconds
Platform modules already initialized, skipping
Refreshing native plugins compatible for Editor in 0.51 ms, found 1 plugins.
Preloading 0 native plugins for Editor in 0.00 ms.
Unloading 1958 Unused Serialized files (Serialized files now loaded: 0)
System memory in use before: 94.1 MB.
System memory in use after: 94.0 MB.

Unloading 13 unused Assets to reduce memory usage. Loaded Objects now: 2586.
Total: 2.208102 ms (FindLiveObjects: 0.209454 ms CreateObjectMapping: 0.049029 ms MarkObjects: 1.843042 ms  DeleteObjects: 0.101340 ms)

========================================================================
Received Prepare
Registering precompiled user dll's ...
Registered in 0.000753 seconds.
Begin MonoManager ReloadAssembly
Native extension for WindowsStandalone target not found
Native extension for WebGL target not found
Refreshing native plugins compatible for Editor in 0.50 ms, found 1 plugins.
Preloading 0 native plugins for Editor in 0.00 ms.
Mono: successfully reloaded assembly
- Completed reload, in  0.748 seconds
Platform modules already initialized, skipping
Refreshing native plugins compatible for Editor in 0.46 ms, found 1 plugins.
Preloading 0 native plugins for Editor in 0.00 ms.
Unloading 1958 Unused Serialized files (Serialized files now loaded: 0)
System memory in use before: 94.1 MB.
System memory in use after: 94.1 MB.

Unloading 13 unused Assets to reduce memory usage. Loaded Objects now: 2590.
Total: 2.800984 ms (FindLiveObjects: 0.919530 ms CreateObjectMapping: 0.064394 ms MarkObjects: 1.717397 ms  DeleteObjects: 0.093937 ms)

========================================================================
Received Prepare
Registering precompiled user dll's ...
Registered in 0.000659 seconds.
Begin MonoManager ReloadAssembly
Native extension for WindowsStandalone target not found
Native extension for WebGL target not found
Refreshing native plugins compatible for Editor in 0.48 ms, found 1 plugins.
Preloading 0 native plugins for Editor in 0.00 ms.
Mono: successfully reloaded assembly
- Completed reload, in  0.767 seconds
Platform modules already initialized, skipping
Refreshing native plugins compatible for Editor in 0.50 ms, found 1 plugins.
Preloading 0 native plugins for Editor in 0.00 ms.
Unloading 1958 Unused Serialized files (Serialized files now loaded: 0)
System memory in use before: 94.1 MB.
System memory in use after: 94.1 MB.

Unloading 13 unused Assets to reduce memory usage. Loaded Objects now: 2594.
Total: 1.848280 ms (FindLiveObjects: 0.187803 ms CreateObjectMapping: 0.040508 ms MarkObjects: 1.514299 ms  DeleteObjects: 0.099524 ms)

========================================================================
Received Prepare
Registering precompiled user dll's ...
Registered in 0.000651 seconds.
Begin MonoManager ReloadAssembly
Native extension for WindowsStandalone target not found
Native extension for WebGL target not found
Refreshing native plugins compatible for Editor in 0.39 ms, found 1 plugins.
Preloading 0 native plugins for Editor in 0.00 ms.
Mono: successfully reloaded assembly
- Completed reload, in  0.764 seconds
Platform modules already initialized, skipping
Refreshing native plugins compatible for Editor in 0.43 ms, found 1 plugins.
Preloading 0 native plugins for Editor in 0.00 ms.
Unloading 1958 Unused Serialized files (Serialized files now loaded: 0)
System memory in use before: 94.1 MB.
System memory in use after: 94.1 MB.

Unloading 13 unused Assets to reduce memory usage. Loaded Objects now: 2598.
Total: 2.213969 ms (FindLiveObjects: 0.236133 ms CreateObjectMapping: 0.064184 ms MarkObjects: 1.806026 ms  DeleteObjects: 0.101968 ms)

========================================================================
Received Prepare
Registering precompiled user dll's ...
Registered in 0.000630 seconds.
Begin MonoManager ReloadAssembly
Native extension for WindowsStandalone target not found
Native extension for WebGL target not found
Refreshing native plugins compatible for Editor in 0.44 ms, found 1 plugins.
Preloading 0 native plugins for Editor in 0.00 ms.
Mono: successfully reloaded assembly
- Completed reload, in  0.754 seconds
Platform modules already initialized, skipping
Refreshing native plugins compatible for Editor in 0.50 ms, found 1 plugins.
Preloading 0 native plugins for Editor in 0.00 ms.
Unloading 1958 Unused Serialized files (Serialized files now loaded: 0)
System memory in use before: 94.1 MB.
System memory in use after: 94.1 MB.

Unloading 13 unused Assets to reduce memory usage. Loaded Objects now: 2602.
Total: 2.115213 ms (FindLiveObjects: 0.228730 ms CreateObjectMapping: 0.060343 ms MarkObjects: 1.721937 ms  DeleteObjects: 0.098197 ms)

========================================================================
Received Prepare
Registering precompiled user dll's ...
Registered in 0.000696 seconds.
Begin MonoManager ReloadAssembly
Native extension for WindowsStandalone target not found
Native extension for WebGL target not found
Refreshing native plugins compatible for Editor in 0.45 ms, found 1 plugins.
Preloading 0 native plugins for Editor in 0.00 ms.
Mono: successfully reloaded assembly
- Completed reload, in  0.768 seconds
Platform modules already initialized, skipping
Refreshing native plugins compatible for Editor in 0.46 ms, found 1 plugins.
Preloading 0 native plugins for Editor in 0.00 ms.
Unloading 1958 Unused Serialized files (Serialized files now loaded: 0)
System memory in use before: 94.1 MB.
System memory in use after: 94.1 MB.

Unloading 13 unused Assets to reduce memory usage. Loaded Objects now: 2606.
Total: 2.270889 ms (FindLiveObjects: 0.245562 ms CreateObjectMapping: 0.067397 ms MarkObjects: 1.848070 ms  DeleteObjects: 0.102667 ms)

========================================================================
Received Prepare
Registering precompiled user dll's ...
Registered in 0.000747 seconds.
Begin MonoManager ReloadAssembly
Native extension for WindowsStandalone target not found
Native extension for WebGL target not found
Refreshing native plugins compatible for Editor in 0.50 ms, found 1 plugins.
Preloading 0 native plugins for Editor in 0.00 ms.
Mono: successfully reloaded assembly
- Completed reload, in  0.772 seconds
Platform modules already initialized, skipping
Refreshing native plugins compatible for Editor in 0.50 ms, found 1 plugins.
Preloading 0 native plugins for Editor in 0.00 ms.
Unloading 1958 Unused Serialized files (Serialized files now loaded: 0)
System memory in use before: 94.1 MB.
System memory in use after: 94.1 MB.

Unloading 13 unused Assets to reduce memory usage. Loaded Objects now: 2610.
Total: 1.954927 ms (FindLiveObjects: 0.214692 ms CreateObjectMapping: 0.048540 ms MarkObjects: 1.584978 ms  DeleteObjects: 0.100083 ms)

========================================================================
Received Prepare
Registering precompiled user dll's ...
Registered in 0.000695 seconds.
Begin MonoManager ReloadAssembly
Native extension for WindowsStandalone target not found
Native extension for WebGL target not found
Refreshing native plugins compatible for Editor in 0.50 ms, found 1 plugins.
Preloading 0 native plugins for Editor in 0.00 ms.
Mono: successfully reloaded assembly
- Completed reload, in  0.794 seconds
Platform modules already initialized, skipping
Refreshing native plugins compatible for Editor in 0.36 ms, found 1 plugins.
Preloading 0 native plugins for Editor in 0.00 ms.
Unloading 1958 Unused Serialized files (Serialized files now loaded: 0)
System memory in use before: 94.1 MB.
System memory in use after: 94.1 MB.

Unloading 13 unused Assets to reduce memory usage. Loaded Objects now: 2614.
Total: 1.975810 ms (FindLiveObjects: 0.220978 ms CreateObjectMapping: 0.051054 ms MarkObjects: 1.596502 ms  DeleteObjects: 0.100152 ms)

========================================================================
Received Prepare
Registering precompiled user dll's ...
Registered in 0.000616 seconds.
Begin MonoManager ReloadAssembly
Native extension for WindowsStandalone target not found
Native extension for WebGL target not found
Refreshing native plugins compatible for Editor in 0.47 ms, found 1 plugins.
Preloading 0 native plugins for Editor in 0.00 ms.
Mono: successfully reloaded assembly
- Completed reload, in  0.769 seconds
Platform modules already initialized, skipping
Refreshing native plugins compatible for Editor in 0.51 ms, found 1 plugins.
Preloading 0 native plugins for Editor in 0.00 ms.
Unloading 1958 Unused Serialized files (Serialized files now loaded: 0)
System memory in use before: 94.1 MB.
System memory in use after: 94.1 MB.

Unloading 13 unused Assets to reduce memory usage. Loaded Objects now: 2618.
Total: 2.165918 ms (FindLiveObjects: 0.236203 ms CreateObjectMapping: 0.054337 ms MarkObjects: 1.767124 ms  DeleteObjects: 0.100013 ms)

========================================================================
Received Prepare
Registering precompiled user dll's ...
Registered in 0.000652 seconds.
Begin MonoManager ReloadAssembly
Native extension for WindowsStandalone target not found
Native extension for WebGL target not found
Refreshing native plugins compatible for Editor in 0.50 ms, found 1 plugins.
Preloading 0 native plugins for Editor in 0.00 ms.
Mono: successfully reloaded assembly
- Completed reload, in  0.767 seconds
Platform modules already initialized, skipping
Refreshing native plugins compatible for Editor in 0.55 ms, found 1 plugins.
Preloading 0 native plugins for Editor in 0.00 ms.
Unloading 1958 Unused Serialized files (Serialized files now loaded: 0)
System memory in use before: 94.1 MB.
System memory in use after: 94.1 MB.

Unloading 13 unused Assets to reduce memory usage. Loaded Objects now: 2622.
Total: 1.937956 ms (FindLiveObjects: 0.237391 ms CreateObjectMapping: 0.040019 ms MarkObjects: 1.554946 ms  DeleteObjects: 0.098825 ms)

========================================================================
Received Prepare
Registering precompiled user dll's ...
Registered in 0.000669 seconds.
Begin MonoManager ReloadAssembly
Native extension for WindowsStandalone target not found
Native extension for WebGL target not found
Refreshing native plugins compatible for Editor in 0.50 ms, found 1 plugins.
Preloading 0 native plugins for Editor in 0.00 ms.
Mono: successfully reloaded assembly
- Completed reload, in  0.775 seconds
Platform modules already initialized, skipping
Refreshing native plugins compatible for Editor in 0.51 ms, found 1 plugins.
Preloading 0 native plugins for Editor in 0.00 ms.
Unloading 1958 Unused Serialized files (Serialized files now loaded: 0)
System memory in use before: 94.2 MB.
System memory in use after: 94.1 MB.

Unloading 13 unused Assets to reduce memory usage. Loaded Objects now: 2626.
Total: 1.958489 ms (FindLiveObjects: 0.219581 ms CreateObjectMapping: 0.049029 ms MarkObjects: 1.583861 ms  DeleteObjects: 0.098406 ms)

========================================================================
Received Import Request.
  Time since last request: 1357.682774 seconds.
  path: Assets/Resources/Space Shooter Extension (275 assets)/PNG/Sprites X2/UI/panel_boltsBlue.png
  artifactKey: Guid(f39c4a904c89fdf4aa9341d254f131e6) Importer(815301076,1909f56bfc062723c751e8b465ee728b)
Start importing Assets/Resources/Space Shooter Extension (275 assets)/PNG/Sprites X2/UI/panel_boltsBlue.png using Guid(f39c4a904c89fdf4aa9341d254f131e6) Importer(815301076,1909f56bfc062723c751e8b465ee728b)  -> (artifact id: 'd4307543b2437036f8c0b72e58e95eab') in 0.073218 seconds
  Import took 0.076410 seconds .

========================================================================
Received Prepare
Registering precompiled user dll's ...
Registered in 0.000714 seconds.
Begin MonoManager ReloadAssembly
Native extension for WindowsStandalone target not found
Native extension for WebGL target not found
Refreshing native plugins compatible for Editor in 0.49 ms, found 1 plugins.
Preloading 0 native plugins for Editor in 0.00 ms.
Mono: successfully reloaded assembly
- Completed reload, in  0.760 seconds
Platform modules already initialized, skipping
Refreshing native plugins compatible for Editor in 0.51 ms, found 1 plugins.
Preloading 0 native plugins for Editor in 0.00 ms.
Unloading 1958 Unused Serialized files (Serialized files now loaded: 0)
System memory in use before: 94.2 MB.
System memory in use after: 94.1 MB.

Unloading 13 unused Assets to reduce memory usage. Loaded Objects now: 2631.
Total: 2.037270 ms (FindLiveObjects: 0.238159 ms CreateObjectMapping: 0.067187 ms MarkObjects: 1.624508 ms  DeleteObjects: 0.101200 ms)

========================================================================
Received Import Request.
  Time since last request: 10.167382 seconds.
  path: Assets/Resources/Space Shooter Extension (275 assets)/PNG/Sprites X2/UI/panel_boltsBlue.png
  artifactKey: Guid(f39c4a904c89fdf4aa9341d254f131e6) Importer(815301076,1909f56bfc062723c751e8b465ee728b)
Start importing Assets/Resources/Space Shooter Extension (275 assets)/PNG/Sprites X2/UI/panel_boltsBlue.png using Guid(f39c4a904c89fdf4aa9341d254f131e6) Importer(815301076,1909f56bfc062723c751e8b465ee728b)  -> (artifact id: '3500a586c7ad86ef8b86989969d0e4d5') in 0.060098 seconds
  Import took 0.166293 seconds .

========================================================================
Received Prepare
Registering precompiled user dll's ...
Registered in 0.000940 seconds.
Begin MonoManager ReloadAssembly
Native extension for WindowsStandalone target not found
Native extension for WebGL target not found
Refreshing native plugins compatible for Editor in 0.48 ms, found 1 plugins.
Preloading 0 native plugins for Editor in 0.00 ms.
Mono: successfully reloaded assembly
- Completed reload, in  0.759 seconds
Platform modules already initialized, skipping
Refreshing native plugins compatible for Editor in 0.51 ms, found 1 plugins.
Preloading 0 native plugins for Editor in 0.00 ms.
Unloading 1958 Unused Serialized files (Serialized files now loaded: 0)
System memory in use before: 94.2 MB.
System memory in use after: 94.2 MB.

Unloading 13 unused Assets to reduce memory usage. Loaded Objects now: 2636.
Total: 1.998718 ms (FindLiveObjects: 0.280902 ms CreateObjectMapping: 0.049657 ms MarkObjects: 1.561092 ms  DeleteObjects: 0.100292 ms)

========================================================================
Received Prepare
Registering precompiled user dll's ...
Registered in 0.000678 seconds.
Begin MonoManager ReloadAssembly
Native extension for WindowsStandalone target not found
Native extension for WebGL target not found
Refreshing native plugins compatible for Editor in 0.49 ms, found 1 plugins.
Preloading 0 native plugins for Editor in 0.00 ms.
Mono: successfully reloaded assembly
- Completed reload, in  0.761 seconds
Platform modules already initialized, skipping
Refreshing native plugins compatible for Editor in 0.49 ms, found 1 plugins.
Preloading 0 native plugins for Editor in 0.00 ms.
Unloading 1958 Unused Serialized files (Serialized files now loaded: 0)
System memory in use before: 94.2 MB.
System memory in use after: 94.2 MB.

Unloading 13 unused Assets to reduce memory usage. Loaded Objects now: 2640.
Total: 1.930832 ms (FindLiveObjects: 0.198000 ms CreateObjectMapping: 0.049168 ms MarkObjects: 1.579041 ms  DeleteObjects: 0.098756 ms)

========================================================================
Received Prepare
Registering precompiled user dll's ...
Registered in 0.000653 seconds.
Begin MonoManager ReloadAssembly
Native extension for WindowsStandalone target not found
Native extension for WebGL target not found
Refreshing native plugins compatible for Editor in 0.49 ms, found 1 plugins.
Preloading 0 native plugins for Editor in 0.00 ms.
Mono: successfully reloaded assembly
- Completed reload, in  0.780 seconds
Platform modules already initialized, skipping
Refreshing native plugins compatible for Editor in 0.47 ms, found 1 plugins.
Preloading 0 native plugins for Editor in 0.00 ms.
Unloading 1958 Unused Serialized files (Serialized files now loaded: 0)
System memory in use before: 94.2 MB.
System memory in use after: 94.2 MB.

Unloading 13 unused Assets to reduce memory usage. Loaded Objects now: 2644.
Total: 1.932927 ms (FindLiveObjects: 0.231105 ms CreateObjectMapping: 0.041835 ms MarkObjects: 1.549708 ms  DeleteObjects: 0.103575 ms)

========================================================================
Received Prepare
Registering precompiled user dll's ...
Registered in 0.000706 seconds.
Begin MonoManager ReloadAssembly
Native extension for WindowsStandalone target not found
Native extension for WebGL target not found
Refreshing native plugins compatible for Editor in 0.47 ms, found 1 plugins.
Preloading 0 native plugins for Editor in 0.00 ms.
Mono: successfully reloaded assembly
- Completed reload, in  0.767 seconds
Platform modules already initialized, skipping
Refreshing native plugins compatible for Editor in 0.51 ms, found 1 plugins.
Preloading 0 native plugins for Editor in 0.00 ms.
Unloading 1958 Unused Serialized files (Serialized files now loaded: 0)
System memory in use before: 94.2 MB.
System memory in use after: 94.2 MB.

Unloading 13 unused Assets to reduce memory usage. Loaded Objects now: 2648.
Total: 1.965613 ms (FindLiveObjects: 0.202330 ms CreateObjectMapping: 0.049029 ms MarkObjects: 1.607956 ms  DeleteObjects: 0.100432 ms)

========================================================================
Received Prepare
Registering precompiled user dll's ...
Registered in 0.000702 seconds.
Begin MonoManager ReloadAssembly
Native extension for WindowsStandalone target not found
Native extension for WebGL target not found
Refreshing native plugins compatible for Editor in 0.50 ms, found 1 plugins.
Preloading 0 native plugins for Editor in 0.00 ms.
Mono: successfully reloaded assembly
- Completed reload, in  0.762 seconds
Platform modules already initialized, skipping
Refreshing native plugins compatible for Editor in 0.51 ms, found 1 plugins.
Preloading 0 native plugins for Editor in 0.00 ms.
Unloading 1958 Unused Serialized files (Serialized files now loaded: 0)
System memory in use before: 94.2 MB.
System memory in use after: 94.2 MB.

Unloading 13 unused Assets to reduce memory usage. Loaded Objects now: 2652.
Total: 1.996692 ms (FindLiveObjects: 0.236692 ms CreateObjectMapping: 0.059435 ms MarkObjects: 1.594895 ms  DeleteObjects: 0.099664 ms)

========================================================================
Received Prepare
Registering precompiled user dll's ...
Registered in 0.000580 seconds.
Begin MonoManager ReloadAssembly
Native extension for WindowsStandalone target not found
Native extension for WebGL target not found
Refreshing native plugins compatible for Editor in 0.51 ms, found 1 plugins.
Preloading 0 native plugins for Editor in 0.00 ms.
Mono: successfully reloaded assembly
- Completed reload, in  0.777 seconds
Platform modules already initialized, skipping
Refreshing native plugins compatible for Editor in 0.51 ms, found 1 plugins.
Preloading 0 native plugins for Editor in 0.00 ms.
Unloading 1958 Unused Serialized files (Serialized files now loaded: 0)
System memory in use before: 94.2 MB.
System memory in use after: 94.2 MB.

Unloading 13 unused Assets to reduce memory usage. Loaded Objects now: 2656.
Total: 2.111022 ms (FindLiveObjects: 0.237041 ms CreateObjectMapping: 0.049657 ms MarkObjects: 1.703499 ms  DeleteObjects: 0.113283 ms)

========================================================================
Received Prepare
Registering precompiled user dll's ...
Registered in 0.000664 seconds.
Begin MonoManager ReloadAssembly
Native extension for WindowsStandalone target not found
Native extension for WebGL target not found
Refreshing native plugins compatible for Editor in 0.49 ms, found 1 plugins.
Preloading 0 native plugins for Editor in 0.00 ms.
Mono: successfully reloaded assembly
- Completed reload, in  0.769 seconds
Platform modules already initialized, skipping
Refreshing native plugins compatible for Editor in 0.50 ms, found 1 plugins.
Preloading 0 native plugins for Editor in 0.00 ms.
Unloading 1958 Unused Serialized files (Serialized files now loaded: 0)
System memory in use before: 94.2 MB.
System memory in use after: 94.2 MB.

Unloading 13 unused Assets to reduce memory usage. Loaded Objects now: 2660.
Total: 1.955067 ms (FindLiveObjects: 0.224749 ms CreateObjectMapping: 0.040648 ms MarkObjects: 1.582254 ms  DeleteObjects: 0.101270 ms)

========================================================================
Received Prepare
Registering precompiled user dll's ...
Registered in 0.000667 seconds.
Begin MonoManager ReloadAssembly
Native extension for WindowsStandalone target not found
Native extension for WebGL target not found
Refreshing native plugins compatible for Editor in 0.49 ms, found 1 plugins.
Preloading 0 native plugins for Editor in 0.00 ms.
Mono: successfully reloaded assembly
- Completed reload, in  0.790 seconds
Platform modules already initialized, skipping
Refreshing native plugins compatible for Editor in 0.38 ms, found 1 plugins.
Preloading 0 native plugins for Editor in 0.00 ms.
Unloading 1958 Unused Serialized files (Serialized files now loaded: 0)
System memory in use before: 94.2 MB.
System memory in use after: 94.2 MB.

Unloading 13 unused Assets to reduce memory usage. Loaded Objects now: 2664.
Total: 2.439416 ms (FindLiveObjects: 0.306394 ms CreateObjectMapping: 0.061111 ms MarkObjects: 1.983702 ms  DeleteObjects: 0.081644 ms)

